2025-04-01T22:49:38.987+05:30  INFO 11736 --- [CompressorApplication] [main] c.f.c.CompresssorApplicationTests        : Starting CompresssorApplicationTests using Java 21.0.6 with PID 11736 (started by shant in D:\Freibu\projects\CompressorApplication\CompresssorApplication)
2025-04-01T22:49:38.992+05:30  INFO 11736 --- [CompressorApplication] [main] c.f.c.CompresssorApplicationTests        : No active profile set, falling back to 1 default profile: "default"
2025-04-01T22:49:39.071+05:30 DEBUG 11736 --- [CompressorApplication] [main] o.s.w.c.s.GenericWebApplicationContext   : Refreshing org.springframework.web.context.support.GenericWebApplicationContext@4beddc56
2025-04-01T22:49:41.223+05:30 DEBUG 11736 --- [CompressorApplication] [main] s.w.s.m.m.a.RequestMappingHandlerMapping : 2 mappings in 'requestMappingHandlerMapping'
2025-04-01T22:49:41.428+05:30 DEBUG 11736 --- [CompressorApplication] [main] o.s.w.s.handler.SimpleUrlHandlerMapping  : Patterns [/webjars/**, /**] in 'resourceHandlerMapping'
2025-04-01T22:49:41.495+05:30 DEBUG 11736 --- [CompressorApplication] [main] s.w.s.m.m.a.RequestMappingHandlerAdapter : ControllerAdvice beans: 0 @ModelAttribute, 0 @InitBinder, 1 RequestBodyAdvice, 1 ResponseBodyAdvice
2025-04-01T22:49:41.591+05:30 DEBUG 11736 --- [CompressorApplication] [main] .m.m.a.ExceptionHandlerExceptionResolver : ControllerAdvice beans: 0 @ExceptionHandler, 1 ResponseBodyAdvice
2025-04-01T22:49:41.769+05:30  INFO 11736 --- [CompressorApplication] [main] c.f.c.CompresssorApplicationTests        : Started CompresssorApplicationTests in 3.735 seconds (process running for 6.25)
2025-04-01T22:49:44.034+05:30 DEBUG 11736 --- [CompressorApplication] [SpringApplicationShutdownHook] o.s.w.c.s.GenericWebApplicationContext   : Closing org.springframework.web.context.support.GenericWebApplicationContext@4beddc56, started on Tue Apr 01 22:49:39 IST 2025
2025-04-01T23:08:45.779+05:30  INFO 12308 --- [CompressorApplication] [main] c.f.c.CompresssorApplicationTests        : Starting CompresssorApplicationTests using Java 21.0.6 with PID 12308 (started by shant in D:\Freibu\projects\CompressorApplication\CompresssorApplication)
2025-04-01T23:08:45.788+05:30  INFO 12308 --- [CompressorApplication] [main] c.f.c.CompresssorApplicationTests        : No active profile set, falling back to 1 default profile: "default"
2025-04-01T23:08:45.896+05:30 DEBUG 12308 --- [CompressorApplication] [main] o.s.w.c.s.GenericWebApplicationContext   : Refreshing org.springframework.web.context.support.GenericWebApplicationContext@2228db21
2025-04-01T23:08:48.270+05:30 DEBUG 12308 --- [CompressorApplication] [main] s.w.s.m.m.a.RequestMappingHandlerMapping : 2 mappings in 'requestMappingHandlerMapping'
2025-04-01T23:08:48.505+05:30 DEBUG 12308 --- [CompressorApplication] [main] o.s.w.s.handler.SimpleUrlHandlerMapping  : Patterns [/webjars/**, /**] in 'resourceHandlerMapping'
2025-04-01T23:08:48.574+05:30 DEBUG 12308 --- [CompressorApplication] [main] s.w.s.m.m.a.RequestMappingHandlerAdapter : ControllerAdvice beans: 0 @ModelAttribute, 0 @InitBinder, 1 RequestBodyAdvice, 1 ResponseBodyAdvice
2025-04-01T23:08:48.703+05:30 DEBUG 12308 --- [CompressorApplication] [main] .m.m.a.ExceptionHandlerExceptionResolver : ControllerAdvice beans: 0 @ExceptionHandler, 1 ResponseBodyAdvice
2025-04-01T23:08:48.896+05:30  INFO 12308 --- [CompressorApplication] [main] c.f.c.CompresssorApplicationTests        : Started CompresssorApplicationTests in 4.473 seconds (process running for 7.156)
2025-04-01T23:08:50.956+05:30 DEBUG 12308 --- [CompressorApplication] [SpringApplicationShutdownHook] o.s.w.c.s.GenericWebApplicationContext   : Closing org.springframework.web.context.support.GenericWebApplicationContext@2228db21, started on Tue Apr 01 23:08:45 IST 2025
2025-04-01T23:20:41.862+05:30  INFO 11544 --- [CompressorApplication] [main] c.f.c.CompresssorApplicationTests        : Starting CompresssorApplicationTests using Java 21.0.6 with PID 11544 (started by shant in D:\Freibu\projects\CompressorApplication\CompresssorApplication)
2025-04-01T23:20:41.865+05:30 DEBUG 11544 --- [CompressorApplication] [main] c.f.c.CompresssorApplicationTests        : Running with Spring Boot v3.4.4, Spring v6.2.5
2025-04-01T23:20:41.867+05:30  INFO 11544 --- [CompressorApplication] [main] c.f.c.CompresssorApplicationTests        : No active profile set, falling back to 1 default profile: "default"
2025-04-01T23:20:41.959+05:30 DEBUG 11544 --- [CompressorApplication] [main] o.s.w.c.s.GenericWebApplicationContext   : Refreshing org.springframework.web.context.support.GenericWebApplicationContext@9257031
2025-04-01T23:20:44.203+05:30 DEBUG 11544 --- [CompressorApplication] [main] s.w.s.m.m.a.RequestMappingHandlerMapping : 2 mappings in 'requestMappingHandlerMapping'
2025-04-01T23:20:44.449+05:30 DEBUG 11544 --- [CompressorApplication] [main] o.s.w.s.handler.SimpleUrlHandlerMapping  : Patterns [/webjars/**, /**] in 'resourceHandlerMapping'
2025-04-01T23:20:44.529+05:30 DEBUG 11544 --- [CompressorApplication] [main] s.w.s.m.m.a.RequestMappingHandlerAdapter : ControllerAdvice beans: 0 @ModelAttribute, 0 @InitBinder, 1 RequestBodyAdvice, 1 ResponseBodyAdvice
2025-04-01T23:20:44.627+05:30 DEBUG 11544 --- [CompressorApplication] [main] .m.m.a.ExceptionHandlerExceptionResolver : ControllerAdvice beans: 0 @ExceptionHandler, 1 ResponseBodyAdvice
2025-04-01T23:20:44.783+05:30  INFO 11544 --- [CompressorApplication] [main] c.f.c.CompresssorApplicationTests        : Started CompresssorApplicationTests in 3.701 seconds (process running for 5.935)
2025-04-01T23:20:46.473+05:30 DEBUG 11544 --- [CompressorApplication] [SpringApplicationShutdownHook] o.s.w.c.s.GenericWebApplicationContext   : Closing org.springframework.web.context.support.GenericWebApplicationContext@9257031, started on Tue Apr 01 23:20:41 IST 2025
2025-04-01T23:27:19.899+05:30  INFO 240 --- [CompressorApplication] [main] c.f.c.CompresssorApplicationTests        : Starting CompresssorApplicationTests using Java 21.0.6 with PID 240 (started by shant in D:\Freibu\projects\CompressorApplication\CompresssorApplication)
2025-04-01T23:27:19.906+05:30 DEBUG 240 --- [CompressorApplication] [main] c.f.c.CompresssorApplicationTests        : Running with Spring Boot v3.4.4, Spring v6.2.5
2025-04-01T23:27:19.908+05:30  INFO 240 --- [CompressorApplication] [main] c.f.c.CompresssorApplicationTests        : No active profile set, falling back to 1 default profile: "default"
2025-04-01T23:27:20.005+05:30 DEBUG 240 --- [CompressorApplication] [main] o.s.w.c.s.GenericWebApplicationContext   : Refreshing org.springframework.web.context.support.GenericWebApplicationContext@46292372
2025-04-01T23:27:22.498+05:30 DEBUG 240 --- [CompressorApplication] [main] s.w.s.m.m.a.RequestMappingHandlerMapping : 2 mappings in 'requestMappingHandlerMapping'
2025-04-01T23:27:22.700+05:30 DEBUG 240 --- [CompressorApplication] [main] o.s.w.s.handler.SimpleUrlHandlerMapping  : Patterns [/webjars/**, /**] in 'resourceHandlerMapping'
2025-04-01T23:27:22.762+05:30 DEBUG 240 --- [CompressorApplication] [main] s.w.s.m.m.a.RequestMappingHandlerAdapter : ControllerAdvice beans: 0 @ModelAttribute, 0 @InitBinder, 1 RequestBodyAdvice, 1 ResponseBodyAdvice
2025-04-01T23:27:22.859+05:30 DEBUG 240 --- [CompressorApplication] [main] .m.m.a.ExceptionHandlerExceptionResolver : ControllerAdvice beans: 0 @ExceptionHandler, 1 ResponseBodyAdvice
2025-04-01T23:27:23.044+05:30  INFO 240 --- [CompressorApplication] [main] c.f.c.CompresssorApplicationTests        : Started CompresssorApplicationTests in 4.012 seconds (process running for 6.335)
2025-04-01T23:27:25.307+05:30 DEBUG 240 --- [CompressorApplication] [SpringApplicationShutdownHook] o.s.w.c.s.GenericWebApplicationContext   : Closing org.springframework.web.context.support.GenericWebApplicationContext@46292372, started on Tue Apr 01 23:27:20 IST 2025
2025-04-01T23:28:13.340+05:30  INFO 10088 --- [CompressorApplication] [main] c.f.c.CompresssorApplicationTests        : Starting CompresssorApplicationTests using Java 21.0.6 with PID 10088 (started by shant in D:\Freibu\projects\CompressorApplication\CompresssorApplication)
2025-04-01T23:28:13.343+05:30 DEBUG 10088 --- [CompressorApplication] [main] c.f.c.CompresssorApplicationTests        : Running with Spring Boot v3.4.4, Spring v6.2.5
2025-04-01T23:28:13.345+05:30  INFO 10088 --- [CompressorApplication] [main] c.f.c.CompresssorApplicationTests        : No active profile set, falling back to 1 default profile: "default"
2025-04-01T23:28:13.439+05:30 DEBUG 10088 --- [CompressorApplication] [main] o.s.w.c.s.GenericWebApplicationContext   : Refreshing org.springframework.web.context.support.GenericWebApplicationContext@7668d560
2025-04-01T23:28:15.605+05:30 DEBUG 10088 --- [CompressorApplication] [main] s.w.s.m.m.a.RequestMappingHandlerMapping : 2 mappings in 'requestMappingHandlerMapping'
2025-04-01T23:28:15.802+05:30 DEBUG 10088 --- [CompressorApplication] [main] o.s.w.s.handler.SimpleUrlHandlerMapping  : Patterns [/webjars/**, /**] in 'resourceHandlerMapping'
2025-04-01T23:28:15.875+05:30 DEBUG 10088 --- [CompressorApplication] [main] s.w.s.m.m.a.RequestMappingHandlerAdapter : ControllerAdvice beans: 0 @ModelAttribute, 0 @InitBinder, 1 RequestBodyAdvice, 1 ResponseBodyAdvice
2025-04-01T23:28:15.987+05:30 DEBUG 10088 --- [CompressorApplication] [main] .m.m.a.ExceptionHandlerExceptionResolver : ControllerAdvice beans: 0 @ExceptionHandler, 1 ResponseBodyAdvice
2025-04-01T23:28:16.136+05:30  INFO 10088 --- [CompressorApplication] [main] c.f.c.CompresssorApplicationTests        : Started CompresssorApplicationTests in 3.557 seconds (process running for 5.692)
2025-04-01T23:28:17.808+05:30 DEBUG 10088 --- [CompressorApplication] [SpringApplicationShutdownHook] o.s.w.c.s.GenericWebApplicationContext   : Closing org.springframework.web.context.support.GenericWebApplicationContext@7668d560, started on Tue Apr 01 23:28:13 IST 2025
